{"contracts/FiscalOracle.sol":{"l":{"6":1,"7":1,"8":1,"9":1},"path":"/Users/doublegreen/Documents/GEMLAB/Gemlab/contracts/FiscalOracle.sol","s":{"1":1,"2":1,"3":1,"4":1},"b":{},"f":{"1":1},"fnMap":{"1":{"name":"onTrade","line":5,"loc":{"start":{"line":5,"column":4},"end":{"line":10,"column":4}}}},"statementMap":{"1":{"start":{"line":6,"column":8},"end":{"line":6,"column":41}},"2":{"start":{"line":7,"column":8},"end":{"line":7,"column":40}},"3":{"start":{"line":8,"column":8},"end":{"line":8,"column":52}},"4":{"start":{"line":9,"column":8},"end":{"line":9,"column":36}}},"branchMap":{}},"contracts/GemlabBatch.sol":{"l":{"9":1},"path":"/Users/doublegreen/Documents/GEMLAB/Gemlab/contracts/GemlabBatch.sol","s":{"1":1},"b":{},"f":{"1":1,"2":1},"fnMap":{"1":{"name":"constructor","line":7,"loc":{"start":{"line":7,"column":4},"end":{"line":7,"column":31}}},"2":{"name":"mint","line":8,"loc":{"start":{"line":8,"column":4},"end":{"line":10,"column":4}}}},"statementMap":{"1":{"start":{"line":9,"column":8},"end":{"line":9,"column":34}}},"branchMap":{}},"contracts/GemlabMetadata.sol":{"l":{"8":1,"11":1,"12":1,"13":1,"14":1,"15":1,"16":1,"17":1,"18":1},"path":"/Users/doublegreen/Documents/GEMLAB/Gemlab/contracts/GemlabMetadata.sol","s":{"1":1,"2":1,"3":0,"4":1,"5":1,"6":1,"7":1,"8":1,"9":1,"10":1},"b":{"1":[0,1]},"f":{"1":1,"2":1,"3":1},"fnMap":{"1":{"name":"constructor","line":6,"loc":{"start":{"line":6,"column":4},"end":{"line":6,"column":53}}},"2":{"name":"tokenURI","line":7,"loc":{"start":{"line":7,"column":4},"end":{"line":9,"column":4}}},"3":{"name":"_toString","line":10,"loc":{"start":{"line":10,"column":4},"end":{"line":19,"column":4}}}},"statementMap":{"1":{"start":{"line":8,"column":8},"end":{"line":8,"column":65}},"2":{"start":{"line":11,"column":8},"end":{"line":11,"column":30}},"3":{"start":{"line":11,"column":20},"end":{"line":11,"column":30}},"4":{"start":{"line":12,"column":8},"end":{"line":12,"column":21}},"5":{"start":{"line":13,"column":8},"end":{"line":13,"column":19}},"6":{"start":{"line":14,"column":8},"end":{"line":14,"column":41}},"7":{"start":{"line":15,"column":8},"end":{"line":15,"column":39}},"8":{"start":{"line":16,"column":8},"end":{"line":16,"column":23}},"9":{"start":{"line":17,"column":8},"end":{"line":17,"column":74}},"10":{"start":{"line":18,"column":8},"end":{"line":18,"column":24}}},"branchMap":{"1":{"line":11,"type":"if","locations":[{"start":{"line":11,"column":8},"end":{"line":11,"column":8}},{"start":{"line":11,"column":8},"end":{"line":11,"column":8}}]}}},"contracts/GemlabNFT.sol":{"l":{"18":2,"25":2,"26":2,"27":2,"28":2,"29":2,"30":2,"34":1,"35":1},"path":"/Users/doublegreen/Documents/GEMLAB/Gemlab/contracts/GemlabNFT.sol","s":{"1":2,"2":2,"3":1},"b":{"1":[1,1],"2":[1,0]},"f":{"1":2,"2":2,"3":1},"fnMap":{"1":{"name":"constructor","line":17,"loc":{"start":{"line":17,"column":4},"end":{"line":19,"column":4}}},"2":{"name":"mintWithProof","line":21,"loc":{"start":{"line":21,"column":4},"end":{"line":31,"column":4}}},"3":{"name":"setCustodyUID","line":33,"loc":{"start":{"line":33,"column":4},"end":{"line":36,"column":4}}}},"statementMap":{"1":{"start":{"line":25,"column":8},"end":{"line":25,"column":64}},"2":{"start":{"line":28,"column":8},"end":{"line":28,"column":33}},"3":{"start":{"line":34,"column":8},"end":{"line":34,"column":64}}},"branchMap":{"1":{"line":33,"type":"if","locations":[{"start":{"line":33,"column":73},"end":{"line":33,"column":73}},{"start":{"line":33,"column":73},"end":{"line":33,"column":73}}]},"2":{"line":34,"type":"if","locations":[{"start":{"line":34,"column":8},"end":{"line":34,"column":8}},{"start":{"line":34,"column":8},"end":{"line":34,"column":8}}]}}},"contracts/GemlabResolver.sol":{"l":{"9":2,"13":5,"17":2,"21":3},"path":"/Users/doublegreen/Documents/GEMLAB/Gemlab/contracts/GemlabResolver.sol","s":{"1":2,"2":5,"3":2,"4":3},"b":{"1":[2,1]},"f":{"1":2,"2":5,"3":2,"4":3},"fnMap":{"1":{"name":"constructor","line":8,"loc":{"start":{"line":8,"column":4},"end":{"line":10,"column":4}}},"2":{"name":"roleFor","line":12,"loc":{"start":{"line":12,"column":4},"end":{"line":14,"column":4}}},"3":{"name":"setRole","line":16,"loc":{"start":{"line":16,"column":4},"end":{"line":18,"column":4}}},"4":{"name":"canAttest","line":20,"loc":{"start":{"line":20,"column":4},"end":{"line":22,"column":4}}}},"statementMap":{"1":{"start":{"line":9,"column":8},"end":{"line":9,"column":41}},"2":{"start":{"line":13,"column":8},"end":{"line":13,"column":69}},"3":{"start":{"line":17,"column":8},"end":{"line":17,"column":47}},"4":{"start":{"line":21,"column":8},"end":{"line":21,"column":52}}},"branchMap":{"1":{"line":16,"type":"if","locations":[{"start":{"line":16,"column":67},"end":{"line":16,"column":67}},{"start":{"line":16,"column":67},"end":{"line":16,"column":67}}]}}},"contracts/interfaces/ITokenValidator.sol":{"l":{},"path":"/Users/doublegreen/Documents/GEMLAB/Gemlab/contracts/interfaces/ITokenValidator.sol","s":{},"b":{},"f":{},"fnMap":{},"statementMap":{},"branchMap":{}},"contracts/mocks/MockEAS.sol":{"l":{},"path":"/Users/doublegreen/Documents/GEMLAB/Gemlab/contracts/mocks/MockEAS.sol","s":{"1":14},"b":{},"f":{"1":14,"2":14},"fnMap":{"1":{"name":"set","line":7,"loc":{"start":{"line":7,"column":4},"end":{"line":7,"column":178}}},"2":{"name":"getAttestation","line":8,"loc":{"start":{"line":8,"column":4},"end":{"line":8,"column":101}}}},"statementMap":{"1":{"start":{"line":8,"column":86},"end":{"line":8,"column":99}}},"branchMap":{}},"contracts/TokenValidator.sol":{"l":{"23":7,"24":7,"25":7,"26":7,"27":7,"31":7,"32":7,"33":7,"34":6,"35":6,"36":5,"37":5,"38":4,"42":0},"path":"/Users/doublegreen/Documents/GEMLAB/Gemlab/contracts/TokenValidator.sol","s":{"1":7,"2":7,"3":7,"4":6,"5":6,"6":5,"7":5,"8":4,"9":0},"b":{"1":[6,1],"2":[6,0],"3":[5,1],"4":[5,0],"5":[4,1],"6":[3,1]},"f":{"1":7,"2":7,"3":0},"fnMap":{"1":{"name":"constructor","line":22,"loc":{"start":{"line":22,"column":4},"end":{"line":28,"column":4}}},"2":{"name":"requireValidAttestations","line":30,"loc":{"start":{"line":30,"column":4},"end":{"line":39,"column":4}}},"3":{"name":"getStatus","line":41,"loc":{"start":{"line":41,"column":4},"end":{"line":43,"column":4}}}},"statementMap":{"1":{"start":{"line":31,"column":8},"end":{"line":31,"column":76}},"2":{"start":{"line":32,"column":8},"end":{"line":32,"column":78}},"3":{"start":{"line":33,"column":8},"end":{"line":33,"column":73}},"4":{"start":{"line":34,"column":8},"end":{"line":34,"column":76}},"5":{"start":{"line":35,"column":8},"end":{"line":35,"column":76}},"6":{"start":{"line":36,"column":8},"end":{"line":36,"column":79}},"7":{"start":{"line":37,"column":8},"end":{"line":37,"column":60}},"8":{"start":{"line":38,"column":8},"end":{"line":38,"column":62}},"9":{"start":{"line":42,"column":8},"end":{"line":42,"column":16}}},"branchMap":{"1":{"line":33,"type":"if","locations":[{"start":{"line":33,"column":8},"end":{"line":33,"column":8}},{"start":{"line":33,"column":8},"end":{"line":33,"column":8}}]},"2":{"line":34,"type":"if","locations":[{"start":{"line":34,"column":8},"end":{"line":34,"column":8}},{"start":{"line":34,"column":8},"end":{"line":34,"column":8}}]},"3":{"line":35,"type":"if","locations":[{"start":{"line":35,"column":8},"end":{"line":35,"column":8}},{"start":{"line":35,"column":8},"end":{"line":35,"column":8}}]},"4":{"line":36,"type":"if","locations":[{"start":{"line":36,"column":8},"end":{"line":36,"column":8}},{"start":{"line":36,"column":8},"end":{"line":36,"column":8}}]},"5":{"line":37,"type":"if","locations":[{"start":{"line":37,"column":8},"end":{"line":37,"column":8}},{"start":{"line":37,"column":8},"end":{"line":37,"column":8}}]},"6":{"line":38,"type":"if","locations":[{"start":{"line":38,"column":8},"end":{"line":38,"column":8}},{"start":{"line":38,"column":8},"end":{"line":38,"column":8}}]}}}}